[debug] [2020-05-16T21:59:16.480Z] ----------------------------------------------------------------------
[debug] [2020-05-16T21:59:16.481Z] Command:       /home/therexone/.nvm/versions/node/v12.13.1/bin/node /home/therexone/.nvm/versions/node/v12.13.1/bin/firebase deploy
[debug] [2020-05-16T21:59:16.482Z] CLI Version:   8.2.0
[debug] [2020-05-16T21:59:16.482Z] Platform:      linux
[debug] [2020-05-16T21:59:16.482Z] Node Version:  v12.13.1
[debug] [2020-05-16T21:59:16.482Z] Time:          Sun May 17 2020 03:29:16 GMT+0530 (India Standard Time)
[debug] [2020-05-16T21:59:16.482Z] ----------------------------------------------------------------------
[debug] [2020-05-16T21:59:16.483Z] 
[debug] [2020-05-16T21:59:16.488Z] > command requires scopes: ["email","openid","https://www.googleapis.com/auth/cloudplatformprojects.readonly","https://www.googleapis.com/auth/firebase","https://www.googleapis.com/auth/cloud-platform"]
[debug] [2020-05-16T21:59:16.489Z] > authorizing via signed-in user
[debug] [2020-05-16T21:59:16.489Z] [iam] checking project radiowave-420 for permissions ["firebase.projects.get","firebasehosting.sites.update"]
[debug] [2020-05-16T21:59:16.491Z] > refreshing access token with scopes: ["email","https://www.googleapis.com/auth/cloud-platform","https://www.googleapis.com/auth/cloudplatformprojects.readonly","https://www.googleapis.com/auth/firebase","openid"]
[debug] [2020-05-16T21:59:16.492Z] >>> HTTP REQUEST POST https://www.googleapis.com/oauth2/v3/token  
 <request body omitted>
[debug] [2020-05-16T21:59:17.036Z] <<< HTTP RESPONSE 200 {"content-type":"application/json; charset=utf-8","vary":"X-Origin, Referer, Origin,Accept-Encoding","date":"Sat, 16 May 2020 21:59:16 GMT","server":"scaffolding on HTTPServer2","cache-control":"private","x-xss-protection":"0","x-frame-options":"SAMEORIGIN","x-content-type-options":"nosniff","alt-svc":"h3-27=\":443\"; ma=2592000,h3-25=\":443\"; ma=2592000,h3-T050=\":443\"; ma=2592000,h3-Q050=\":443\"; ma=2592000,h3-Q049=\":443\"; ma=2592000,h3-Q048=\":443\"; ma=2592000,h3-Q046=\":443\"; ma=2592000,h3-Q043=\":443\"; ma=2592000,quic=\":443\"; ma=2592000; v=\"46,43\"","accept-ranges":"none","transfer-encoding":"chunked"}
[debug] [2020-05-16T21:59:17.070Z] >>> HTTP REQUEST POST https://cloudresourcemanager.googleapis.com/v1/projects/radiowave-420:testIamPermissions  
 {"permissions":["firebase.projects.get","firebasehosting.sites.update"]}
[debug] [2020-05-16T21:59:19.113Z] <<< HTTP RESPONSE 200 {"content-type":"application/json; charset=UTF-8","vary":"X-Origin, Referer, Origin,Accept-Encoding","date":"Sat, 16 May 2020 21:59:18 GMT","server":"ESF","cache-control":"private","x-xss-protection":"0","x-frame-options":"SAMEORIGIN","x-content-type-options":"nosniff","server-timing":"gfet4t7; dur=1570","alt-svc":"h3-27=\":443\"; ma=2592000,h3-25=\":443\"; ma=2592000,h3-T050=\":443\"; ma=2592000,h3-Q050=\":443\"; ma=2592000,h3-Q049=\":443\"; ma=2592000,h3-Q048=\":443\"; ma=2592000,h3-Q046=\":443\"; ma=2592000,h3-Q043=\":443\"; ma=2592000,quic=\":443\"; ma=2592000; v=\"46,43\"","accept-ranges":"none","transfer-encoding":"chunked"}
[debug] [2020-05-16T21:59:19.119Z] >>> HTTP REQUEST GET https://firebase.googleapis.com/v1beta1/projects/radiowave-420  
 
[debug] [2020-05-16T21:59:19.930Z] <<< HTTP RESPONSE 200 {"content-type":"application/json; charset=UTF-8","vary":"X-Origin, Referer, Origin,Accept-Encoding","date":"Sat, 16 May 2020 21:59:19 GMT","server":"ESF","cache-control":"private","x-xss-protection":"0","x-frame-options":"SAMEORIGIN","x-content-type-options":"nosniff","alt-svc":"h3-27=\":443\"; ma=2592000,h3-25=\":443\"; ma=2592000,h3-T050=\":443\"; ma=2592000,h3-Q050=\":443\"; ma=2592000,h3-Q049=\":443\"; ma=2592000,h3-Q048=\":443\"; ma=2592000,h3-Q046=\":443\"; ma=2592000,h3-Q043=\":443\"; ma=2592000,quic=\":443\"; ma=2592000; v=\"46,43\"","accept-ranges":"none","transfer-encoding":"chunked"}
[info] 
[info] === Deploying to 'radiowave-420'...
[info] 
[info] i  deploying hosting
[debug] [2020-05-16T21:59:19.950Z] >>> HTTP REQUEST POST https://firebasehosting.googleapis.com/v1beta1/sites/radiowave-420/versions  
 {"config":{"rewrites":[{"glob":"**","path":"/index.html"}]},"labels":{"deployment-tool":"cli-firebase"}}
[debug] [2020-05-16T21:59:22.797Z] <<< HTTP RESPONSE 200 {"content-type":"application/json; charset=UTF-8","vary":"X-Origin, Referer, Origin,Accept-Encoding","date":"Sat, 16 May 2020 21:59:22 GMT","server":"ESF","cache-control":"private","x-xss-protection":"0","x-frame-options":"SAMEORIGIN","x-content-type-options":"nosniff","alt-svc":"h3-27=\":443\"; ma=2592000,h3-25=\":443\"; ma=2592000,h3-T050=\":443\"; ma=2592000,h3-Q050=\":443\"; ma=2592000,h3-Q049=\":443\"; ma=2592000,h3-Q048=\":443\"; ma=2592000,h3-Q046=\":443\"; ma=2592000,h3-Q043=\":443\"; ma=2592000,quic=\":443\"; ma=2592000; v=\"46,43\"","accept-ranges":"none","transfer-encoding":"chunked"}
[info] i  hosting[radiowave-420]: beginning deploy...
[info] i  hosting[radiowave-420]: found 17 files in build
[debug] [2020-05-16T21:59:24.295Z] [hosting] hash cache [YnVpbGQ] stored for 17 files
[debug] [2020-05-16T21:59:24.296Z] [hosting][hash queue][FINAL] {"max":1417,"min":74,"avg":224.94117647058823,"active":0,"complete":17,"success":17,"errored":0,"retried":0,"total":17,"elapsed":1442}
[debug] [2020-05-16T21:59:24.297Z] >>> HTTP REQUEST POST https://firebasehosting.googleapis.com/v1beta1/sites/radiowave-420/versions/8a99d9ae2f813df2:populateFiles  
 <request body omitted>
[debug] [2020-05-16T21:59:26.894Z] <<< HTTP RESPONSE 200 {"content-type":"application/json; charset=UTF-8","vary":"X-Origin, Referer, Origin,Accept-Encoding","date":"Sat, 16 May 2020 21:59:26 GMT","server":"ESF","cache-control":"private","x-xss-protection":"0","x-frame-options":"SAMEORIGIN","x-content-type-options":"nosniff","alt-svc":"h3-27=\":443\"; ma=2592000,h3-25=\":443\"; ma=2592000,h3-T050=\":443\"; ma=2592000,h3-Q050=\":443\"; ma=2592000,h3-Q049=\":443\"; ma=2592000,h3-Q048=\":443\"; ma=2592000,h3-Q046=\":443\"; ma=2592000,h3-Q043=\":443\"; ma=2592000,quic=\":443\"; ma=2592000; v=\"46,43\"","accept-ranges":"none","transfer-encoding":"chunked"}
[debug] [2020-05-16T21:59:26.917Z] [hosting][populate queue][FINAL] {"max":2606,"min":2606,"avg":2606,"active":0,"complete":1,"success":1,"errored":0,"retried":0,"total":1,"elapsed":2625}
[debug] [2020-05-16T21:59:26.917Z] [hosting] uploads queued: 6
